

Version:	3.14
CmdLine:	C:\Users\marci\OneDrive - UPV\clase uni\2\2 semestre\(IPC) Interfaces persona computador\Trabajo 18-05\dist\prueba.exe --l4j-debug
WOW64:		yes
Working dir:	C:\Users\marci\OneDrive - UPV\clase uni\2\2 semestre\(IPC) Interfaces persona computador\Trabajo 18-05\dist\.
Java min ver:	1.000.001
Java max ver:	
64-bit search:	SOFTWARE\JavaSoft\Java Runtime Environment...
Check:		SOFTWARE\JavaSoft\Java Runtime Environment\1.8
Check launcher:	C:\Program Files\Java\jre1.8.0_333\bin\javaw.exe (OK)
Match:		1.008.000
Check:		SOFTWARE\JavaSoft\Java Runtime Environment\1.8.0_321
Check launcher:	C:\Program Files\Java\jre1.8.0_321\bin\javaw.exe (OK)
Match:		1.008.000_321
Check:		SOFTWARE\JavaSoft\Java Runtime Environment\1.8.0_333
Check launcher:	C:\Program Files\Java\jre1.8.0_333\bin\javaw.exe (OK)
Match:		1.008.000_333
64-bit search:	SOFTWARE\JavaSoft\Java Development Kit...
Check:		SOFTWARE\JavaSoft\Java Development Kit\1.8
Ignore:		1.008.000
Check:		SOFTWARE\JavaSoft\Java Development Kit\1.8.0_333
Ignore:		1.008.000_333
64-bit search:	SOFTWARE\JavaSoft\JRE...
64-bit search:	SOFTWARE\JavaSoft\JDK...
Check:		SOFTWARE\JavaSoft\JDK\11.0.14
Check launcher:	C:\Program Files\Java\jdk-11.0.14\bin\javaw.exe (OK)
Match:		1.011.000_014
Runtime used:	1.011.000_014 (64-bit)
Launcher:	C:\Program Files\Java\jdk-11.0.14\bin\javaw.exe
Launcher args:	-jar "C:\Users\marci\OneDrive - UPV\clase uni\2\2 semestre\(IPC) Interfaces persona computador\Trabajo 18-05\dist\prueba.exe"
Args length:	125/32768 chars
Exit code:	0


Version:	3.14
CmdLine:	C:\Users\marci\OneDrive - UPV\clase uni\2\2 semestre\(IPC) Interfaces persona computador\Trabajo 18-05\dist\prueba.exe --l4j-debug
WOW64:		yes
Working dir:	C:\Users\marci\OneDrive - UPV\clase uni\2\2 semestre\(IPC) Interfaces persona computador\Trabajo 18-05\dist\.
Java min ver:	1.000.001
Java max ver:	
64-bit search:	SOFTWARE\JavaSoft\Java Runtime Environment...
Check:		SOFTWARE\JavaSoft\Java Runtime Environment\1.8
Check launcher:	C:\Program Files\Java\jre1.8.0_333\bin\javaw.exe (OK)
Match:		1.008.000
Check:		SOFTWARE\JavaSoft\Java Runtime Environment\1.8.0_321
Check launcher:	C:\Program Files\Java\jre1.8.0_321\bin\javaw.exe (OK)
Match:		1.008.000_321
Check:		SOFTWARE\JavaSoft\Java Runtime Environment\1.8.0_333
Check launcher:	C:\Program Files\Java\jre1.8.0_333\bin\javaw.exe (OK)
Match:		1.008.000_333
64-bit search:	SOFTWARE\JavaSoft\Java Development Kit...
Check:		SOFTWARE\JavaSoft\Java Development Kit\1.8
Ignore:		1.008.000
Check:		SOFTWARE\JavaSoft\Java Development Kit\1.8.0_333
Ignore:		1.008.000_333
64-bit search:	SOFTWARE\JavaSoft\JRE...
64-bit search:	SOFTWARE\JavaSoft\JDK...
Check:		SOFTWARE\JavaSoft\JDK\11.0.14
Check launcher:	C:\Program Files\Java\jdk-11.0.14\bin\javaw.exe (OK)
Match:		1.011.000_014
Runtime used:	1.011.000_014 (64-bit)
Launcher:	C:\Program Files\Java\jdk-11.0.14\bin\javaw.exe
Launcher args:	-jar "C:\Users\marci\OneDrive - UPV\clase uni\2\2 semestre\(IPC) Interfaces persona computador\Trabajo 18-05\dist\prueba.exe"
Args length:	125/32768 chars
Exit code:	0


Version:	3.14
CmdLine:	C:\Users\marci\OneDrive - UPV\clase uni\2\2 semestre\(IPC) Interfaces persona computador\Trabajo 18-05\dist\prueba.exe --l4j-debug
WOW64:		yes
Working dir:	C:\Users\marci\OneDrive - UPV\clase uni\2\2 semestre\(IPC) Interfaces persona computador\Trabajo 18-05\dist\.
Java min ver:	1.007.000
Java max ver:	
64-bit search:	SOFTWARE\JavaSoft\Java Runtime Environment...
Check:		SOFTWARE\JavaSoft\Java Runtime Environment\1.8
Check launcher:	C:\Program Files\Java\jre1.8.0_333\bin\javaw.exe (OK)
Match:		1.008.000
Check:		SOFTWARE\JavaSoft\Java Runtime Environment\1.8.0_321
Check launcher:	C:\Program Files\Java\jre1.8.0_321\bin\javaw.exe (OK)
Match:		1.008.000_321
Check:		SOFTWARE\JavaSoft\Java Runtime Environment\1.8.0_333
Check launcher:	C:\Program Files\Java\jre1.8.0_333\bin\javaw.exe (OK)
Match:		1.008.000_333
64-bit search:	SOFTWARE\JavaSoft\Java Development Kit...
Check:		SOFTWARE\JavaSoft\Java Development Kit\1.8
Ignore:		1.008.000
Check:		SOFTWARE\JavaSoft\Java Development Kit\1.8.0_333
Ignore:		1.008.000_333
64-bit search:	SOFTWARE\JavaSoft\JRE...
64-bit search:	SOFTWARE\JavaSoft\JDK...
Check:		SOFTWARE\JavaSoft\JDK\11.0.14
Check launcher:	C:\Program Files\Java\jdk-11.0.14\bin\javaw.exe (OK)
Match:		1.011.000_014
Runtime used:	1.011.000_014 (64-bit)
Launcher:	C:\Program Files\Java\jdk-11.0.14\bin\javaw.exe
Launcher args:	-jar "C:\Users\marci\OneDrive - UPV\clase uni\2\2 semestre\(IPC) Interfaces persona computador\Trabajo 18-05\dist\prueba.exe"
Args length:	125/32768 chars
Exit code:	0
